<?xml version="1.0" encoding="UTF-8"?>
<!-- Generated by org.testng.reporters.JUnitXMLReporter -->
<testsuite ignored="0" hostname="DESKTOP-IP80BGQ" failures="1" tests="18" name="Classic Free CRM App Test Cases" time="352.204" errors="0" timestamp="2022-04-03T10:42:08 IST">
  <testcase classname="com.crm.qa.testcases.LoginPageTest" name="titleTest" time="0.018"/>
  <testcase classname="com.crm.qa.testcases.LoginPageTest" name="logoTest" time="0.061"/>
  <testcase classname="com.crm.qa.testcases.LoginPageTest" name="forgetpasswordTest" time="1.724"/>
  <testcase classname="com.crm.qa.testcases.LoginPageTest" name="SigninpageTest" time="6.529"/>
  <testcase classname="com.crm.qa.testcases.HomePageTest" name="usernamedisplayedTest" time="0.071"/>
  <testcase classname="com.crm.qa.testcases.HomePageTest" name="clickoncontactslink" time="1.267"/>
  <testcase classname="com.crm.qa.testcases.HomePageTest" name="clickondealslink" time="1.221"/>
  <testcase classname="com.crm.qa.testcases.HomePageTest" name="clickontaskslinkTest" time="1.296"/>
  <testcase classname="com.crm.qa.testcases.HomePageTest" name="homepagetitleTest" time="0.007"/>
  <testcase classname="com.crm.qa.testcases.HomePageTest" name="helplinkTest" time="0.193"/>
  <testcase classname="com.crm.qa.testcases.ContactPageTest" name="clickoncontactlabelTest" time="0.028"/>
  <testcase classname="com.crm.qa.testcases.ContactPageTest" name="selectSinglecontactTest" time="0.085"/>
  <testcase classname="com.crm.qa.testcases.ContactPageTest" name="selectMutiplecontactsTest" time="0.153"/>
  <testcase classname="com.crm.qa.testcases.ContactPageTest" name="createnewcontactTest" time="5.097"/>
  <testcase classname="com.crm.qa.testcases.ContactPageTest" name="createnewcontactTest" time="4.344"/>
  <testcase classname="com.crm.qa.testcases.ContactPageTest" name="createnewcontactTest" time="8.027"/>
  <testcase classname="com.crm.qa.testcases.ContactPageTest" name="createnewcontactTest" time="35.48">
    <failure type="org.openqa.selenium.ElementNotInteractableException" message="element not interactable
  (Session info: chrome=100.0.4896.60)
Build info: version: &amp;apos;4.1.3&amp;apos;, revision: &amp;apos;7b1ebf28ef&amp;apos;
System info: host: &amp;apos;DESKTOP-IP80BGQ&amp;apos;, ip: &amp;apos;192.168.1.12&amp;apos;, os.name: &amp;apos;Windows 10&amp;apos;, os.arch: &amp;apos;amd64&amp;apos;, os.version: &amp;apos;10.0&amp;apos;, java.version: &amp;apos;16.0.2&amp;apos;
Driver info: org.openqa.selenium.chrome.ChromeDriver
Command: [7b5be4e8435881bdfe8480896081f4ae, clickElement {id=b2b3c247-51d6-476e-8569-232f277a5403}]
Capabilities {acceptInsecureCerts: false, browserName: chrome, browserVersion: 100.0.4896.60, chrome: {chromedriverVersion: 99.0.4844.51 (d537ec02474b5..., userDataDir: C:\Users\dinne\AppData\Loca...}, goog:chromeOptions: {debuggerAddress: localhost:64320}, javascriptEnabled: true, networkConnectionEnabled: false, pageLoadStrategy: normal, platform: WINDOWS, platformName: WINDOWS, proxy: Proxy(), se:cdp: ws://localhost:64320/devtoo..., se:cdpVersion: 100.0.4896.60, setWindowRect: true, strictFileInteractability: false, timeouts: {implicit: 0, pageLoad: 300000, script: 30000}, unhandledPromptBehavior: dismiss and notify, webauthn:extension:credBlob: true, webauthn:extension:largeBlob: true, webauthn:virtualAuthenticators: true}
Element: [[ChromeDriver: chrome on WINDOWS (7b5be4e8435881bdfe8480896081f4ae)] -&amp;gt; xpath: //a[contains(text(), &amp;apos;New Contact&amp;apos;)]]
Session ID: 7b5be4e8435881bdfe8480896081f4ae">
      <![CDATA[org.openqa.selenium.ElementNotInteractableException: element not interactable
  (Session info: chrome=100.0.4896.60)
Build info: version: '4.1.3', revision: '7b1ebf28ef'
System info: host: 'DESKTOP-IP80BGQ', ip: '192.168.1.12', os.name: 'Windows 10', os.arch: 'amd64', os.version: '10.0', java.version: '16.0.2'
Driver info: org.openqa.selenium.chrome.ChromeDriver
Command: [7b5be4e8435881bdfe8480896081f4ae, clickElement {id=b2b3c247-51d6-476e-8569-232f277a5403}]
Capabilities {acceptInsecureCerts: false, browserName: chrome, browserVersion: 100.0.4896.60, chrome: {chromedriverVersion: 99.0.4844.51 (d537ec02474b5..., userDataDir: C:\Users\dinne\AppData\Loca...}, goog:chromeOptions: {debuggerAddress: localhost:64320}, javascriptEnabled: true, networkConnectionEnabled: false, pageLoadStrategy: normal, platform: WINDOWS, platformName: WINDOWS, proxy: Proxy(), se:cdp: ws://localhost:64320/devtoo..., se:cdpVersion: 100.0.4896.60, setWindowRect: true, strictFileInteractability: false, timeouts: {implicit: 0, pageLoad: 300000, script: 30000}, unhandledPromptBehavior: dismiss and notify, webauthn:extension:credBlob: true, webauthn:extension:largeBlob: true, webauthn:virtualAuthenticators: true}
Element: [[ChromeDriver: chrome on WINDOWS (7b5be4e8435881bdfe8480896081f4ae)] -> xpath: //a[contains(text(), 'New Contact')]]
Session ID: 7b5be4e8435881bdfe8480896081f4ae
at org.openqa.selenium.remote.codec.w3c.W3CHttpResponseCodec.createException(W3CHttpResponseCodec.java:200)
at org.openqa.selenium.remote.codec.w3c.W3CHttpResponseCodec.decode(W3CHttpResponseCodec.java:133)
at org.openqa.selenium.remote.codec.w3c.W3CHttpResponseCodec.decode(W3CHttpResponseCodec.java:53)
at org.openqa.selenium.remote.HttpCommandExecutor.execute(HttpCommandExecutor.java:184)
at org.openqa.selenium.remote.service.DriverCommandExecutor.invokeExecute(DriverCommandExecutor.java:167)
at org.openqa.selenium.remote.service.DriverCommandExecutor.execute(DriverCommandExecutor.java:142)
at org.openqa.selenium.remote.RemoteWebDriver.execute(RemoteWebDriver.java:567)
at org.openqa.selenium.remote.RemoteWebElement.execute(RemoteWebElement.java:251)
at org.openqa.selenium.remote.RemoteWebElement.click(RemoteWebElement.java:77)
at org.openqa.selenium.support.events.EventFiringWebDriver$EventFiringWebElement.lambda$new$0(EventFiringWebDriver.java:414)
at jdk.proxy2/jdk.proxy2.$Proxy23.click(Unknown Source)
at org.openqa.selenium.support.events.EventFiringWebDriver$EventFiringWebElement.click(EventFiringWebDriver.java:427)
at org.openqa.selenium.support.pagefactory.internal.LocatingElementHandler.invoke(LocatingElementHandler.java:52)
at jdk.proxy2/jdk.proxy2.$Proxy22.click(Unknown Source)
at com.crm.qa.pages.HomePage.clickonnewcontactlink(HomePage.java:60)
at com.crm.qa.testcases.ContactPageTest.createnewcontactTest(ContactPageTest.java:73)
at java.base/java.util.ArrayList.forEach(ArrayList.java:1511)
... Removed 38 stack frames]]>
    </failure>
  </testcase> <!-- createnewcontactTest -->
  <testcase classname="com.crm.qa.testcases.ContactPageTest" name="createnewcontactTest" time="7.865"/>
</testsuite> <!-- Classic Free CRM App Test Cases -->
